# configure exec: ./configure --prefix=/Users/elia/Documents/scripts/kafka/node_modules/node-rdkafka/build/deps --libdir=/Users/elia/Documents/scripts/kafka/node_modules/node-rdkafka/build/deps --prefix=/Users/elia/Documents/scripts/kafka/node_modules/node-rdkafka/build/deps --libdir=/Users/elia/Documents/scripts/kafka/node_modules/node-rdkafka/build/deps
# On Fri Jan  5 15:39:21 CET 2024
DBG 28637: Setting distro (distro) status to ok (action ignore)
DBG 28637: ccenv: WITH_CC:  --version failed: mklove/modules/configure.base: line 1824: --version: command not found
DBG 28637: Setting ccenv (ccenv) status to failed (action cont)
DBG 28637: Check ccenv (WITH_CC, action cont (originally cont)) failed: command ' --version' failed:
mklove/modules/configure.base: line 1824: --version: command not found
DBG 28637: Setting gcc (gcc) status to ok (action cont)
DBG 28637: cxxenv: WITH_CXX:  --version failed: mklove/modules/configure.base: line 1824: --version: command not found
DBG 28637: Setting cxxenv (cxxenv) status to failed (action cont)
DBG 28637: Check cxxenv (WITH_CXX, action cont (originally cont)) failed: command ' --version' failed:
mklove/modules/configure.base: line 1824: --version: command not found
DBG 28637: Setting gxx (gxx) status to ok (action cont)
DBG 28637: Setting ld (ld) status to ok (action disable)
DBG 28637: Setting nm (nm) status to ok (action disable)
DBG 28637: Setting objdump (objdump) status to ok (action disable)
DBG 28637: Setting strip (strip) status to ok (action disable)
DBG 28637: Setting libtool (libtool) status to ok (action disable)
DBG 28637: Setting ranlib (ranlib) status to ok (action disable)
DBG 28637: Compile check cc_g_dwarf () (sub=0): gcc  -I/opt/homebrew/opt/openssl@3/include -Wall -Werror _mkltmp2vqigR.c -o _mkltmp2vqigR.c.o  -L/opt/homebrew/opt/openssl@3/lib -L/Users/elia/Documents/scripts/kafka/node_modules/node-rdkafka/build/deps -gstrict-dwarf 
DBG 28637: Setting cc_g_dwarf (cc_g_dwarf) status to ok (action cont)
DBG 28637: pkgconfig: WITH_PKGCONFIG: pkg-config --version failed: mklove/modules/configure.base: line 1824: pkg-config: command not found
DBG 28637: Setting pkgconfig (pkgconfig) status to failed (action cont)
DBG 28637: Check pkgconfig (WITH_PKGCONFIG, action cont (originally cont)) failed: command 'pkg-config --version' failed:
mklove/modules/configure.base: line 1824: pkg-config: command not found
DBG 28637: install: WITH_INSTALL: /usr/bin/install --version failed: /usr/bin/install: illegal option -- -
usage: install [-bCcpSsv] [-B suffix] [-f flags] [-g group] [-m mode]
               [-o owner] file1 file2
       install [-bCcpSsv] [-B suffix] [-f flags] [-g group] [-m mode]
               [-o owner] file1 ... fileN directory
       install -d [-v] [-g group] [-m mode] [-o owner] directory ...
DBG 28637: Setting install (install) status to failed (action cont)
DBG 28637: Check install (WITH_INSTALL, action cont (originally cont)) failed: command '/usr/bin/install --version' failed:
/usr/bin/install: illegal option -- -
usage: install [-bCcpSsv] [-B suffix] [-f flags] [-g group] [-m mode]
               [-o owner] file1 file2
       install [-bCcpSsv] [-B suffix] [-f flags] [-g group] [-m mode]
               [-o owner] file1 ... fileN directory
       install -d [-v] [-g group] [-m mode] [-o owner] directory ...
DBG 28637: gnuar: HAS_GNU_AR: ar -V 2>/dev/null | grep -q GNU failed: ar: one of options -dmpqrtsx is required
usage:  ar -d [-TLsv] archive file ...
	ar -m [-TLsv] archive file ...
	ar -m [-abiTLsv] position archive file ...
	ar -p [-TLsv] archive [file ...]
	ar -q [-cTLsv] archive file ...
	ar -r [-cuTLsv] archive file ...
	ar -r [-abciuTLsv] position archive file ...
	ar -t [-TLsv] archive [file ...]
	ar -x [-ouTLsv] archive [file ...]
DBG 28637: Setting gnuar (gnuar) status to failed (action disable)
DBG 28637: Check gnuar (HAS_GNU_AR, action disable (originally disable)) failed: command 'ar -V 2>/dev/null | grep -q GNU' failed:
ar: one of options -dmpqrtsx is required
usage:  ar -d [-TLsv] archive file ...
	ar -m [-TLsv] archive file ...
	ar -m [-abiTLsv] position archive file ...
	ar -p [-TLsv] archive [file ...]
	ar -q [-cTLsv] archive file ...
	ar -r [-cuTLsv] archive file ...
	ar -r [-abciuTLsv] position archive file ...
	ar -t [-TLsv] archive [file ...]
	ar -x [-ouTLsv] archive [file ...]
DBG 28637: Compile check PIC (HAVE_PIC) (sub=0): gcc  -I/opt/homebrew/opt/openssl@3/include -gstrict-dwarf -O2 -Wall -Werror _mkltmpHcuBUn.c -o _mkltmpHcuBUn.c.o  -L/opt/homebrew/opt/openssl@3/lib -L/Users/elia/Documents/scripts/kafka/node_modules/node-rdkafka/build/deps -fPIC 
DBG 28637: Setting PIC (PIC) status to ok (action disable)
DBG 28637: Compile check gnulib (WITH_GNULD) (sub=0): gcc  -I/opt/homebrew/opt/openssl@3/include -gstrict-dwarf -O2 -fPIC -Wall -Werror _mkltmpT3FGVa.c -o _mkltmpT3FGVa.c.o  -L/opt/homebrew/opt/openssl@3/lib -L/Users/elia/Documents/scripts/kafka/node_modules/node-rdkafka/build/deps -shared -Wl,-soname,mkltest.0 
DBG 28637: compile check for gnulib (WITH_GNULD) failed: gcc  -I/opt/homebrew/opt/openssl@3/include -gstrict-dwarf -O2 -fPIC -Wall -Werror _mkltmpT3FGVa.c -o _mkltmpT3FGVa.c.o  -L/opt/homebrew/opt/openssl@3/lib -L/Users/elia/Documents/scripts/kafka/node_modules/node-rdkafka/build/deps -shared -Wl,-soname,mkltest.0 : ld: unknown options: -soname 
clang: error: linker command failed with exit code 1 (use -v to see invocation)
DBG 28637: Setting gnulib (gnulib) status to failed (action cont)
DBG 28637: Check gnulib (WITH_GNULD, action cont (originally cont)) failed: compile check failed:
CC: CC
flags: -shared -Wl,-soname,mkltest.0
gcc  -I/opt/homebrew/opt/openssl@3/include -gstrict-dwarf -O2 -fPIC -Wall -Werror _mkltmpT3FGVa.c -o _mkltmpT3FGVa.c.o  -L/opt/homebrew/opt/openssl@3/lib -L/Users/elia/Documents/scripts/kafka/node_modules/node-rdkafka/build/deps -shared -Wl,-soname,mkltest.0 :
ld: unknown options: -soname 
clang: error: linker command failed with exit code 1 (use -v to see invocation)
source: 
DBG 28637: Compile check osxlib (WITH_OSXLD) (sub=0): gcc  -I/opt/homebrew/opt/openssl@3/include -gstrict-dwarf -O2 -fPIC -Wall -Werror _mkltmpkJiU7t.c -o _mkltmpkJiU7t.c.o  -L/opt/homebrew/opt/openssl@3/lib -L/Users/elia/Documents/scripts/kafka/node_modules/node-rdkafka/build/deps -dynamiclib -Wl,-install_name,/tmp/mkltest.so.0 
DBG 28637: Setting osxlib (osxlib) status to ok (action cont)
DBG 28637: Compile check ldsflagvs () (sub=0): gcc  -I/opt/homebrew/opt/openssl@3/include -gstrict-dwarf -O2 -fPIC -Wall -Werror _mkltmp8mtIQk.c -o _mkltmp8mtIQk.c.o  -L/opt/homebrew/opt/openssl@3/lib -L/Users/elia/Documents/scripts/kafka/node_modules/node-rdkafka/build/deps -shared -Wl,--version-script=_mkltmpxeJXqq 
DBG 28637: compile check for ldsflagvs () failed: gcc  -I/opt/homebrew/opt/openssl@3/include -gstrict-dwarf -O2 -fPIC -Wall -Werror _mkltmp8mtIQk.c -o _mkltmp8mtIQk.c.o  -L/opt/homebrew/opt/openssl@3/lib -L/Users/elia/Documents/scripts/kafka/node_modules/node-rdkafka/build/deps -shared -Wl,--version-script=_mkltmpxeJXqq : ld: unknown options: --version-script=_mkltmpxeJXqq 
clang: error: linker command failed with exit code 1 (use -v to see invocation)
DBG 28637: Setting ldsflagvs (ldsflagvs) status to failed (action cont)
DBG 28637: Check ldsflagvs (, action cont (originally cont)) failed: compile check failed:
CC: CC
flags: -shared -Wl,--version-script=_mkltmpxeJXqq
gcc  -I/opt/homebrew/opt/openssl@3/include -gstrict-dwarf -O2 -fPIC -Wall -Werror _mkltmp8mtIQk.c -o _mkltmp8mtIQk.c.o  -L/opt/homebrew/opt/openssl@3/lib -L/Users/elia/Documents/scripts/kafka/node_modules/node-rdkafka/build/deps -shared -Wl,--version-script=_mkltmpxeJXqq :
ld: unknown options: --version-script=_mkltmpxeJXqq 
clang: error: linker command failed with exit code 1 (use -v to see invocation)
source: 
DBG 28637: Compile check ldsflagm () (sub=0): gcc  -I/opt/homebrew/opt/openssl@3/include -gstrict-dwarf -O2 -fPIC -Wall -Werror _mkltmpbwSSI8.c -o _mkltmpbwSSI8.c.o  -L/opt/homebrew/opt/openssl@3/lib -L/Users/elia/Documents/scripts/kafka/node_modules/node-rdkafka/build/deps -shared -Wl,-M_mkltmpxeJXqq 
DBG 28637: compile check for ldsflagm () failed: gcc  -I/opt/homebrew/opt/openssl@3/include -gstrict-dwarf -O2 -fPIC -Wall -Werror _mkltmpbwSSI8.c -o _mkltmpbwSSI8.c.o  -L/opt/homebrew/opt/openssl@3/lib -L/Users/elia/Documents/scripts/kafka/node_modules/node-rdkafka/build/deps -shared -Wl,-M_mkltmpxeJXqq : ld: unknown options: -M_mkltmpxeJXqq 
clang: error: linker command failed with exit code 1 (use -v to see invocation)
DBG 28637: Setting ldsflagm (ldsflagm) status to failed (action ignore)
DBG 28637: Check ldsflagm (, action ignore (originally ignore)) failed: compile check failed:
CC: CC
flags: -shared -Wl,-M_mkltmpxeJXqq
gcc  -I/opt/homebrew/opt/openssl@3/include -gstrict-dwarf -O2 -fPIC -Wall -Werror _mkltmpbwSSI8.c -o _mkltmpbwSSI8.c.o  -L/opt/homebrew/opt/openssl@3/lib -L/Users/elia/Documents/scripts/kafka/node_modules/node-rdkafka/build/deps -shared -Wl,-M_mkltmpxeJXqq :
ld: unknown options: -M_mkltmpxeJXqq 
clang: error: linker command failed with exit code 1 (use -v to see invocation)
source: 
DBG 28637: Compile check __atomic_32 (HAVE_ATOMICS_32) (sub=0): gcc  -I/opt/homebrew/opt/openssl@3/include -gstrict-dwarf -O2 -fPIC -Wall -Werror _mkltmpaCaBWz.c -o _mkltmpaCaBWz.c.o  -L/opt/homebrew/opt/openssl@3/lib -L/Users/elia/Documents/scripts/kafka/node_modules/node-rdkafka/build/deps  
DBG 28637: Setting __atomic_32 (__atomic_32) status to ok (action cont)
DBG 28637: Compile check __atomic_64 (HAVE_ATOMICS_64) (sub=0): gcc  -I/opt/homebrew/opt/openssl@3/include -gstrict-dwarf -O2 -fPIC -Wall -Werror _mkltmpwx4p36.c -o _mkltmpwx4p36.c.o  -L/opt/homebrew/opt/openssl@3/lib -L/Users/elia/Documents/scripts/kafka/node_modules/node-rdkafka/build/deps  
DBG 28637: Setting __atomic_64 (__atomic_64) status to ok (action cont)
DBG 28637: Compile check socket () (sub=0): gcc  -I/opt/homebrew/opt/openssl@3/include -gstrict-dwarf -O2 -fPIC -Wall -Wsign-compare -Wfloat-equal -Wpointer-arith -Wcast-align -Wall -Werror _mkltmpKTiX1C.c -o _mkltmpKTiX1C.c.o  -L/opt/homebrew/opt/openssl@3/lib -L/Users/elia/Documents/scripts/kafka/node_modules/node-rdkafka/build/deps  
DBG 28637: Setting socket (socket) status to ok (action cont)
DBG 28637: Setting parseversion (parseversion) status to ok (action cont)
DBG 28637: librt: Check for static library (libs -lrt, arfile variable STATIC_LIB_librt=, static filenames )
DBG 28637: Compile check librt () (sub=0): gcc  -I/opt/homebrew/opt/openssl@3/include -gstrict-dwarf -O2 -fPIC -Wall -Wsign-compare -Wfloat-equal -Wpointer-arith -Wcast-align -Wall -Werror _mkltmp9xT7dz.c -o _mkltmp9xT7dz.c.o  -L/opt/homebrew/opt/openssl@3/lib -L/Users/elia/Documents/scripts/kafka/node_modules/node-rdkafka/build/deps -lrt 
DBG 28637: compile check for librt () failed: gcc  -I/opt/homebrew/opt/openssl@3/include -gstrict-dwarf -O2 -fPIC -Wall -Wsign-compare -Wfloat-equal -Wpointer-arith -Wcast-align -Wall -Werror _mkltmp9xT7dz.c -o _mkltmp9xT7dz.c.o  -L/opt/homebrew/opt/openssl@3/lib -L/Users/elia/Documents/scripts/kafka/node_modules/node-rdkafka/build/deps -lrt : ld: library 'rt' not found
clang: error: linker command failed with exit code 1 (use -v to see invocation)
DBG 28637: Setting librt (librt) status to failed (action cont)
DBG 28637: Check librt (, action cont (originally cont)) failed: compile check failed:
CC: CC
flags: -lrt
gcc  -I/opt/homebrew/opt/openssl@3/include -gstrict-dwarf -O2 -fPIC -Wall -Wsign-compare -Wfloat-equal -Wpointer-arith -Wcast-align -Wall -Werror _mkltmp9xT7dz.c -o _mkltmp9xT7dz.c.o  -L/opt/homebrew/opt/openssl@3/lib -L/Users/elia/Documents/scripts/kafka/node_modules/node-rdkafka/build/deps -lrt :
ld: library 'rt' not found
clang: error: linker command failed with exit code 1 (use -v to see invocation)
source: 
DBG 28637: libpthread: Check for static library (libs -lpthread, arfile variable STATIC_LIB_libpthread=, static filenames )
DBG 28637: Compile check libpthread () (sub=0): gcc  -I/opt/homebrew/opt/openssl@3/include -gstrict-dwarf -O2 -fPIC -Wall -Wsign-compare -Wfloat-equal -Wpointer-arith -Wcast-align -Wall -Werror _mkltmpfwMEbL.c -o _mkltmpfwMEbL.c.o  -L/opt/homebrew/opt/openssl@3/lib -L/Users/elia/Documents/scripts/kafka/node_modules/node-rdkafka/build/deps -lpthread 
DBG 28637: Setting libpthread (libpthread) status to ok (action fail)
DBG 28637: libpthread: from lib_check: LIBS: prepend -lpthread
DBG 28637: c11threads: Check for static library (libs -lpthread, arfile variable STATIC_LIB_c11threads=, static filenames )
DBG 28637: Compile check c11threads (WITH_C11THREADS) (sub=0): gcc  -I/opt/homebrew/opt/openssl@3/include -gstrict-dwarf -O2 -fPIC -Wall -Wsign-compare -Wfloat-equal -Wpointer-arith -Wcast-align -Wall -Werror _mkltmpWJ6HyY.c -o _mkltmpWJ6HyY.c.o  -L/opt/homebrew/opt/openssl@3/lib -L/Users/elia/Documents/scripts/kafka/node_modules/node-rdkafka/build/deps -lpthread -lpthread
DBG 28637: compile check for c11threads (WITH_C11THREADS) failed: gcc  -I/opt/homebrew/opt/openssl@3/include -gstrict-dwarf -O2 -fPIC -Wall -Wsign-compare -Wfloat-equal -Wpointer-arith -Wcast-align -Wall -Werror _mkltmpWJ6HyY.c -o _mkltmpWJ6HyY.c.o  -L/opt/homebrew/opt/openssl@3/lib -L/Users/elia/Documents/scripts/kafka/node_modules/node-rdkafka/build/deps -lpthread -lpthread: _mkltmpWJ6HyY.c:2:10: fatal error: 'threads.h' file not found
#include <threads.h>
         ^~~~~~~~~~~
1 error generated.
DBG 28637: Setting c11threads (c11threads) status to failed (action disable)
DBG 28637: Check c11threads (WITH_C11THREADS, action disable (originally disable)) failed: compile check failed:
CC: CC
flags: -lpthread
gcc  -I/opt/homebrew/opt/openssl@3/include -gstrict-dwarf -O2 -fPIC -Wall -Wsign-compare -Wfloat-equal -Wpointer-arith -Wcast-align -Wall -Werror _mkltmpWJ6HyY.c -o _mkltmpWJ6HyY.c.o  -L/opt/homebrew/opt/openssl@3/lib -L/Users/elia/Documents/scripts/kafka/node_modules/node-rdkafka/build/deps -lpthread -lpthread:
_mkltmpWJ6HyY.c:2:10: fatal error: 'threads.h' file not found
#include <threads.h>
         ^~~~~~~~~~~
1 error generated.
source: 
#include <threads.h>


static int start_func (void *arg) {
   int iarg = *(int *)arg;
   return iarg;
}

void foo (void) {
    thrd_t thr;
    int arg = 1;
    if (thrd_create(&thr, start_func, (void *)&arg) != thrd_success) {
      ;
    }
}

DBG 28637: libdl: Check for static library (libs -ldl, arfile variable STATIC_LIB_libdl=, static filenames )
DBG 28637: Compile check libdl (WITH_LIBDL) (sub=0): gcc  -I/opt/homebrew/opt/openssl@3/include -gstrict-dwarf -O2 -fPIC -Wall -Wsign-compare -Wfloat-equal -Wpointer-arith -Wcast-align -Wall -Werror _mkltmpAldYtV.c -o _mkltmpAldYtV.c.o  -L/opt/homebrew/opt/openssl@3/lib -L/Users/elia/Documents/scripts/kafka/node_modules/node-rdkafka/build/deps -ldl -lpthread
DBG 28637: Setting libdl (libdl) status to ok (action disable)
DBG 28637: libdl: from lib_check: LIBS: prepend -ldl
DBG 28637: zlib: Check for static library (libs -lz, arfile variable STATIC_LIB_zlib=, static filenames libz.a)
DBG 28637: Compile check zlib (WITH_ZLIB) (sub=0): gcc  -I/opt/homebrew/opt/openssl@3/include -gstrict-dwarf -O2 -fPIC -Wall -Wsign-compare -Wfloat-equal -Wpointer-arith -Wcast-align -Wall -Werror _mkltmpn7cBld.c -o _mkltmpn7cBld.c.o  -L/opt/homebrew/opt/openssl@3/lib -L/Users/elia/Documents/scripts/kafka/node_modules/node-rdkafka/build/deps -lz -ldl -lpthread
DBG 28637: Setting zlib (zlib) status to ok (action disable)
DBG 28637: zlib: from lib_check: LIBS: prepend -lz
DBG 28637: libcrypto: Check for static library (libs -lcrypto, arfile variable STATIC_LIB_libcrypto=, static filenames libcrypto.a)
DBG 28637: Compile check libcrypto () (sub=0): gcc  -I/opt/homebrew/opt/openssl@3/include -gstrict-dwarf -O2 -fPIC -Wall -Wsign-compare -Wfloat-equal -Wpointer-arith -Wcast-align -Wall -Werror _mkltmpWtr4P7.c -o _mkltmpWtr4P7.c.o  -L/opt/homebrew/opt/openssl@3/lib -L/Users/elia/Documents/scripts/kafka/node_modules/node-rdkafka/build/deps -lcrypto -lz -ldl -lpthread
DBG 28637: Setting libcrypto (libcrypto) status to ok (action disable)
DBG 28637: libcrypto: from lib_check: LIBS: prepend -lcrypto
DBG 28637: libssl: Check for static library (libs -lssl -lcrypto, arfile variable STATIC_LIB_libssl=, static filenames libssl.a)
DBG 28637: Compile check libssl (WITH_SSL) (sub=0): gcc  -I/opt/homebrew/opt/openssl@3/include -gstrict-dwarf -O2 -fPIC -Wall -Wsign-compare -Wfloat-equal -Wpointer-arith -Wcast-align -Wall -Werror _mkltmphaKeWl.c -o _mkltmphaKeWl.c.o  -L/opt/homebrew/opt/openssl@3/lib -L/Users/elia/Documents/scripts/kafka/node_modules/node-rdkafka/build/deps -lssl -lcrypto -lcrypto -lz -ldl -lpthread
DBG 28637: Setting libssl (libssl) status to ok (action disable)
DBG 28637: libssl: from lib_check: LIBS: prepend -lssl -lcrypto
DBG 28637: Compile check libcrypto () (sub=1): gcc  -I/opt/homebrew/opt/openssl@3/include -gstrict-dwarf -O2 -fPIC -Wall -Wsign-compare -Wfloat-equal -Wpointer-arith -Wcast-align -Wall -Werror _mkltmpJQSd2L.c -o _mkltmpJQSd2L.c.o  -L/opt/homebrew/opt/openssl@3/lib -L/Users/elia/Documents/scripts/kafka/node_modules/node-rdkafka/build/deps -lcrypto -lssl -lcrypto -lcrypto -lz -ldl -lpthread
DBG 28637: compile check for libcrypto () failed: gcc  -I/opt/homebrew/opt/openssl@3/include -gstrict-dwarf -O2 -fPIC -Wall -Wsign-compare -Wfloat-equal -Wpointer-arith -Wcast-align -Wall -Werror _mkltmpJQSd2L.c -o _mkltmpJQSd2L.c.o  -L/opt/homebrew/opt/openssl@3/lib -L/Users/elia/Documents/scripts/kafka/node_modules/node-rdkafka/build/deps -lcrypto -lssl -lcrypto -lcrypto -lz -ldl -lpthread: _mkltmpJQSd2L.c:4:2: error: "OpenSSL version >= v3.0.0 needs OPENSSL_SUPPRESS_DEPRECATED"
#error "OpenSSL version >= v3.0.0 needs OPENSSL_SUPPRESS_DEPRECATED"
 ^
1 error generated.
DBG 28637: libsasl2: Check for static library (libs -lsasl2, arfile variable STATIC_LIB_libsasl2=, static filenames )
DBG 28637: Compile check libsasl2 (WITH_SASL_CYRUS) (sub=0): gcc  -I/opt/homebrew/opt/openssl@3/include -gstrict-dwarf -O2 -fPIC -Wall -Wsign-compare -Wfloat-equal -Wpointer-arith -Wcast-align -Wall -Werror _mkltmpF02kYF.c -o _mkltmpF02kYF.c.o  -L/opt/homebrew/opt/openssl@3/lib -L/Users/elia/Documents/scripts/kafka/node_modules/node-rdkafka/build/deps -lsasl2 -lssl -lcrypto -lcrypto -lz -ldl -lpthread
DBG 28637: Setting libsasl2 (libsasl2) status to ok (action disable)
DBG 28637: libsasl2: from lib_check: LIBS: prepend -lsasl2
DBG 28637: libzstd: Check for static library (libs -lzstd, arfile variable STATIC_LIB_libzstd=, static filenames libzstd.a)
DBG 28637: Compile check libzstd (WITH_ZSTD) (sub=0): gcc  -I/opt/homebrew/opt/openssl@3/include -gstrict-dwarf -O2 -fPIC -Wall -Wsign-compare -Wfloat-equal -Wpointer-arith -Wcast-align -Wall -Werror _mkltmpv96bAX.c -o _mkltmpv96bAX.c.o  -L/opt/homebrew/opt/openssl@3/lib -L/Users/elia/Documents/scripts/kafka/node_modules/node-rdkafka/build/deps -lzstd -lsasl2 -lssl -lcrypto -lcrypto -lz -ldl -lpthread
DBG 28637: compile check for libzstd (WITH_ZSTD) failed: gcc  -I/opt/homebrew/opt/openssl@3/include -gstrict-dwarf -O2 -fPIC -Wall -Wsign-compare -Wfloat-equal -Wpointer-arith -Wcast-align -Wall -Werror _mkltmpv96bAX.c -o _mkltmpv96bAX.c.o  -L/opt/homebrew/opt/openssl@3/lib -L/Users/elia/Documents/scripts/kafka/node_modules/node-rdkafka/build/deps -lzstd -lsasl2 -lssl -lcrypto -lcrypto -lz -ldl -lpthread: _mkltmpv96bAX.c:2:10: fatal error: 'zstd.h' file not found
#include <zstd.h>
         ^~~~~~~~
1 error generated.
DBG 28637: Setting libzstd (libzstd) status to failed (action disable)
DBG 28637: Check libzstd (WITH_ZSTD, action disable (originally disable)) failed: compile check failed:
CC: CC
flags: -lzstd
gcc  -I/opt/homebrew/opt/openssl@3/include -gstrict-dwarf -O2 -fPIC -Wall -Wsign-compare -Wfloat-equal -Wpointer-arith -Wcast-align -Wall -Werror _mkltmpv96bAX.c -o _mkltmpv96bAX.c.o  -L/opt/homebrew/opt/openssl@3/lib -L/Users/elia/Documents/scripts/kafka/node_modules/node-rdkafka/build/deps -lzstd -lsasl2 -lssl -lcrypto -lcrypto -lz -ldl -lpthread:
_mkltmpv96bAX.c:2:10: fatal error: 'zstd.h' file not found
#include <zstd.h>
         ^~~~~~~~
1 error generated.
source: 
#include <zstd.h>
#include <zstd_errors.h>

void foo (void) {
     ZSTD_getFrameContentSize(NULL, 0);
}

DBG 28637: libcurl: Check for static library (libs -lcurl, arfile variable STATIC_LIB_libcurl=, static filenames libcurl.a)
DBG 28637: Compile check libcurl (WITH_CURL) (sub=0): gcc  -I/opt/homebrew/opt/openssl@3/include -gstrict-dwarf -O2 -fPIC -Wall -Wsign-compare -Wfloat-equal -Wpointer-arith -Wcast-align -Wall -Werror _mkltmprXuhPw.c -o _mkltmprXuhPw.c.o  -L/opt/homebrew/opt/openssl@3/lib -L/Users/elia/Documents/scripts/kafka/node_modules/node-rdkafka/build/deps -lcurl -lsasl2 -lssl -lcrypto -lcrypto -lz -ldl -lpthread
DBG 28637: Setting libcurl (libcurl) status to ok (action disable)
DBG 28637: libcurl: from lib_check: LIBS: prepend -lcurl
DBG 28637: libm: Check for static library (libs -lm, arfile variable STATIC_LIB_libm=, static filenames )
DBG 28637: Compile check libm () (sub=0): gcc  -I/opt/homebrew/opt/openssl@3/include -gstrict-dwarf -O2 -fPIC -Wall -Wsign-compare -Wfloat-equal -Wpointer-arith -Wcast-align -Wall -Werror _mkltmpE6Kci4.c -o _mkltmpE6Kci4.c.o  -L/opt/homebrew/opt/openssl@3/lib -L/Users/elia/Documents/scripts/kafka/node_modules/node-rdkafka/build/deps -lm -lcurl -lsasl2 -lssl -lcrypto -lcrypto -lz -ldl -lpthread
DBG 28637: Setting libm (libm) status to ok (action disable)
DBG 28637: libm: from lib_check: LIBS: prepend -lm
DBG 28637: liblz4: Check for static library (libs -llz4, arfile variable STATIC_LIB_liblz4=, static filenames liblz4.a)
DBG 28637: Compile check liblz4 (WITH_LZ4_EXT) (sub=0): gcc  -I/opt/homebrew/opt/openssl@3/include -gstrict-dwarf -O2 -fPIC -Wall -Wsign-compare -Wfloat-equal -Wpointer-arith -Wcast-align -Wall -Werror _mkltmpurm9Az.c -o _mkltmpurm9Az.c.o  -L/opt/homebrew/opt/openssl@3/lib -L/Users/elia/Documents/scripts/kafka/node_modules/node-rdkafka/build/deps -llz4 -lm -lcurl -lsasl2 -lssl -lcrypto -lcrypto -lz -ldl -lpthread
DBG 28637: compile check for liblz4 (WITH_LZ4_EXT) failed: gcc  -I/opt/homebrew/opt/openssl@3/include -gstrict-dwarf -O2 -fPIC -Wall -Wsign-compare -Wfloat-equal -Wpointer-arith -Wcast-align -Wall -Werror _mkltmpurm9Az.c -o _mkltmpurm9Az.c.o  -L/opt/homebrew/opt/openssl@3/lib -L/Users/elia/Documents/scripts/kafka/node_modules/node-rdkafka/build/deps -llz4 -lm -lcurl -lsasl2 -lssl -lcrypto -lcrypto -lz -ldl -lpthread: _mkltmpurm9Az.c:1:10: fatal error: 'lz4frame.h' file not found
#include <lz4frame.h>
         ^~~~~~~~~~~~
1 error generated.
DBG 28637: Setting liblz4 (liblz4) status to failed (action disable)
DBG 28637: Check liblz4 (WITH_LZ4_EXT, action disable (originally disable)) failed: compile check failed:
CC: CC
flags: -llz4
gcc  -I/opt/homebrew/opt/openssl@3/include -gstrict-dwarf -O2 -fPIC -Wall -Wsign-compare -Wfloat-equal -Wpointer-arith -Wcast-align -Wall -Werror _mkltmpurm9Az.c -o _mkltmpurm9Az.c.o  -L/opt/homebrew/opt/openssl@3/lib -L/Users/elia/Documents/scripts/kafka/node_modules/node-rdkafka/build/deps -llz4 -lm -lcurl -lsasl2 -lssl -lcrypto -lcrypto -lz -ldl -lpthread:
_mkltmpurm9Az.c:1:10: fatal error: 'lz4frame.h' file not found
#include <lz4frame.h>
         ^~~~~~~~~~~~
1 error generated.
source: #include <lz4frame.h>
DBG 28637: Compile check syslog (WITH_SYSLOG) (sub=0): gcc  -I/opt/homebrew/opt/openssl@3/include -gstrict-dwarf -O2 -fPIC -Wall -Wsign-compare -Wfloat-equal -Wpointer-arith -Wcast-align -Wall -Werror _mkltmp6bOFAr.c -o _mkltmp6bOFAr.c.o  -L/opt/homebrew/opt/openssl@3/lib -L/Users/elia/Documents/scripts/kafka/node_modules/node-rdkafka/build/deps  -lm -lcurl -lsasl2 -lssl -lcrypto -lcrypto -lz -ldl -lpthread
DBG 28637: Setting syslog (syslog) status to ok (action disable)
DBG 28637: Compile check rapidjson (WITH_RAPIDJSON) (sub=0): g++  -I/opt/homebrew/opt/openssl@3/include -gstrict-dwarf -O2 -fPIC -Wall -Wsign-compare -Wfloat-equal -Wpointer-arith -Wcast-align -Wall -Werror _mkltmpFElFSy.cpp -o _mkltmpFElFSy.cpp.o  -L/opt/homebrew/opt/openssl@3/lib -L/Users/elia/Documents/scripts/kafka/node_modules/node-rdkafka/build/deps  -lm -lcurl -lsasl2 -lssl -lcrypto -lcrypto -lz -ldl -lpthread
DBG 28637: compile check for rapidjson (WITH_RAPIDJSON) failed: g++  -I/opt/homebrew/opt/openssl@3/include -gstrict-dwarf -O2 -fPIC -Wall -Wsign-compare -Wfloat-equal -Wpointer-arith -Wcast-align -Wall -Werror _mkltmpFElFSy.cpp -o _mkltmpFElFSy.cpp.o  -L/opt/homebrew/opt/openssl@3/lib -L/Users/elia/Documents/scripts/kafka/node_modules/node-rdkafka/build/deps  -lm -lcurl -lsasl2 -lssl -lcrypto -lcrypto -lz -ldl -lpthread: _mkltmpFElFSy.cpp:1:10: fatal error: 'rapidjson/schema.h' file not found
#include <rapidjson/schema.h>
         ^~~~~~~~~~~~~~~~~~~~
1 error generated.
DBG 28637: Setting rapidjson (rapidjson) status to failed (action disable)
DBG 28637: Check rapidjson (WITH_RAPIDJSON, action disable (originally disable)) failed: compile check failed:
CC: CXX
flags: 
g++  -I/opt/homebrew/opt/openssl@3/include -gstrict-dwarf -O2 -fPIC -Wall -Wsign-compare -Wfloat-equal -Wpointer-arith -Wcast-align -Wall -Werror _mkltmpFElFSy.cpp -o _mkltmpFElFSy.cpp.o  -L/opt/homebrew/opt/openssl@3/lib -L/Users/elia/Documents/scripts/kafka/node_modules/node-rdkafka/build/deps  -lm -lcurl -lsasl2 -lssl -lcrypto -lcrypto -lz -ldl -lpthread:
_mkltmpFElFSy.cpp:1:10: fatal error: 'rapidjson/schema.h' file not found
#include <rapidjson/schema.h>
         ^~~~~~~~~~~~~~~~~~~~
1 error generated.
source: #include <rapidjson/schema.h>
DBG 28637: Compile check crc32chw (WITH_CRC32C_HW) (sub=0): gcc  -I/opt/homebrew/opt/openssl@3/include -gstrict-dwarf -O2 -fPIC -Wall -Wsign-compare -Wfloat-equal -Wpointer-arith -Wcast-align -Wall -Werror _mkltmpoJJQ3g.c -o _mkltmpoJJQ3g.c.o  -L/opt/homebrew/opt/openssl@3/lib -L/Users/elia/Documents/scripts/kafka/node_modules/node-rdkafka/build/deps  -lm -lcurl -lsasl2 -lssl -lcrypto -lcrypto -lz -ldl -lpthread
DBG 28637: compile check for crc32chw (WITH_CRC32C_HW) failed: gcc  -I/opt/homebrew/opt/openssl@3/include -gstrict-dwarf -O2 -fPIC -Wall -Wsign-compare -Wfloat-equal -Wpointer-arith -Wcast-align -Wall -Werror _mkltmpoJJQ3g.c -o _mkltmpoJJQ3g.c.o  -L/opt/homebrew/opt/openssl@3/lib -L/Users/elia/Documents/scripts/kafka/node_modules/node-rdkafka/build/deps  -lm -lcurl -lsasl2 -lssl -lcrypto -lcrypto -lz -ldl -lpthread: _mkltmpoJJQ3g.c:12:14: error: invalid output constraint '=c' in asm
           : "=c"(ecx)
             ^
1 error generated.
DBG 28637: Setting crc32chw (crc32chw) status to failed (action disable)
DBG 28637: Check crc32chw (WITH_CRC32C_HW, action disable (originally disable)) failed: compile check failed:
CC: CC
flags: 
gcc  -I/opt/homebrew/opt/openssl@3/include -gstrict-dwarf -O2 -fPIC -Wall -Wsign-compare -Wfloat-equal -Wpointer-arith -Wcast-align -Wall -Werror _mkltmpoJJQ3g.c -o _mkltmpoJJQ3g.c.o  -L/opt/homebrew/opt/openssl@3/lib -L/Users/elia/Documents/scripts/kafka/node_modules/node-rdkafka/build/deps  -lm -lcurl -lsasl2 -lssl -lcrypto -lcrypto -lz -ldl -lpthread:
_mkltmpoJJQ3g.c:12:14: error: invalid output constraint '=c' in asm
           : "=c"(ecx)
             ^
1 error generated.
source: 
#include <inttypes.h>
#include <stdio.h>
#define LONGx1 "8192"
#define LONGx2 "16384"
void foo (void) {
   const char *n = "abcdefghijklmnopqrstuvwxyz0123456789";
   uint64_t c0 = 0, c1 = 1, c2 = 2;
   uint64_t s;
   uint32_t eax = 1, ecx;
   __asm__("cpuid"
           : "=c"(ecx)
           : "a"(eax)
           : "%ebx", "%edx");
   __asm__("crc32b\t" "(%1), %0"
           : "=r"(c0)
           : "r"(n), "0"(c0));
   __asm__("crc32q\t" "(%3), %0\n\t"
           "crc32q\t" LONGx1 "(%3), %1\n\t"
           "crc32q\t" LONGx2 "(%3), %2"
           : "=r"(c0), "=r"(c1), "=r"(c2)
           : "r"(n), "0"(c0), "1"(c1), "2"(c2));
  s = c0 + c1 + c2;
  printf("avoiding unused code removal by printing %d, %d, %d\n", (int)s, (int)eax, (int)ecx);
}

DBG 28637: Compile check regex (HAVE_REGEX) (sub=0): gcc  -I/opt/homebrew/opt/openssl@3/include -gstrict-dwarf -O2 -fPIC -Wall -Wsign-compare -Wfloat-equal -Wpointer-arith -Wcast-align -Wall -Werror _mkltmp1k9tMy.c -o _mkltmp1k9tMy.c.o  -L/opt/homebrew/opt/openssl@3/lib -L/Users/elia/Documents/scripts/kafka/node_modules/node-rdkafka/build/deps  -lm -lcurl -lsasl2 -lssl -lcrypto -lcrypto -lz -ldl -lpthread
DBG 28637: Setting regex (regex) status to ok (action disable)
DBG 28637: Compile check rand_r (HAVE_RAND_R) (sub=0): gcc  -I/opt/homebrew/opt/openssl@3/include -gstrict-dwarf -O2 -fPIC -Wall -Wsign-compare -Wfloat-equal -Wpointer-arith -Wcast-align -Wall -Werror _mkltmpaFEf8g.c -o _mkltmpaFEf8g.c.o  -L/opt/homebrew/opt/openssl@3/lib -L/Users/elia/Documents/scripts/kafka/node_modules/node-rdkafka/build/deps  -lm -lcurl -lsasl2 -lssl -lcrypto -lcrypto -lz -ldl -lpthread
DBG 28637: Setting rand_r (rand_r) status to ok (action disable)
DBG 28637: Compile check strndup (HAVE_STRNDUP) (sub=0): gcc  -I/opt/homebrew/opt/openssl@3/include -gstrict-dwarf -O2 -fPIC -Wall -Wsign-compare -Wfloat-equal -Wpointer-arith -Wcast-align -Wall -Werror _mkltmpsvVh8t.c -o _mkltmpsvVh8t.c.o  -L/opt/homebrew/opt/openssl@3/lib -L/Users/elia/Documents/scripts/kafka/node_modules/node-rdkafka/build/deps  -lm -lcurl -lsasl2 -lssl -lcrypto -lcrypto -lz -ldl -lpthread
DBG 28637: Setting strndup (strndup) status to ok (action disable)
DBG 28637: Compile check strlcpy (HAVE_STRLCPY) (sub=0): gcc  -I/opt/homebrew/opt/openssl@3/include -gstrict-dwarf -O2 -fPIC -Wall -Wsign-compare -Wfloat-equal -Wpointer-arith -Wcast-align -Wall -Werror _mkltmpb8rJ6F.c -o _mkltmpb8rJ6F.c.o  -L/opt/homebrew/opt/openssl@3/lib -L/Users/elia/Documents/scripts/kafka/node_modules/node-rdkafka/build/deps  -lm -lcurl -lsasl2 -lssl -lcrypto -lcrypto -lz -ldl -lpthread
DBG 28637: Setting strlcpy (strlcpy) status to ok (action disable)
DBG 28637: Compile check strerror_r (HAVE_STRERROR_R) (sub=0): gcc  -I/opt/homebrew/opt/openssl@3/include -gstrict-dwarf -O2 -fPIC -Wall -Wsign-compare -Wfloat-equal -Wpointer-arith -Wcast-align -Wall -Werror _mkltmphI8HIB.c -o _mkltmphI8HIB.c.o  -L/opt/homebrew/opt/openssl@3/lib -L/Users/elia/Documents/scripts/kafka/node_modules/node-rdkafka/build/deps  -lm -lcurl -lsasl2 -lssl -lcrypto -lcrypto -lz -ldl -lpthread
DBG 28637: Setting strerror_r (strerror_r) status to ok (action disable)
DBG 28637: Compile check strcasestr (HAVE_STRCASESTR) (sub=0): gcc  -I/opt/homebrew/opt/openssl@3/include -gstrict-dwarf -O2 -fPIC -Wall -Wsign-compare -Wfloat-equal -Wpointer-arith -Wcast-align -Wall -Werror _mkltmpTqN0F1.c -o _mkltmpTqN0F1.c.o  -L/opt/homebrew/opt/openssl@3/lib -L/Users/elia/Documents/scripts/kafka/node_modules/node-rdkafka/build/deps  -lm -lcurl -lsasl2 -lssl -lcrypto -lcrypto -lz -ldl -lpthread
DBG 28637: Setting strcasestr (strcasestr) status to ok (action disable)
DBG 28637: Compile check pthread_setname_gnu (HAVE_PTHREAD_SETNAME_GNU) (sub=0): gcc  -I/opt/homebrew/opt/openssl@3/include -gstrict-dwarf -O2 -fPIC -Wall -Wsign-compare -Wfloat-equal -Wpointer-arith -Wcast-align -Wall -Werror _mkltmpHYFlpO.c -o _mkltmpHYFlpO.c.o  -L/opt/homebrew/opt/openssl@3/lib -L/Users/elia/Documents/scripts/kafka/node_modules/node-rdkafka/build/deps -D_GNU_SOURCE -lpthread -lm -lcurl -lsasl2 -lssl -lcrypto -lcrypto -lz -ldl -lpthread
DBG 28637: compile check for pthread_setname_gnu (HAVE_PTHREAD_SETNAME_GNU) failed: gcc  -I/opt/homebrew/opt/openssl@3/include -gstrict-dwarf -O2 -fPIC -Wall -Wsign-compare -Wfloat-equal -Wpointer-arith -Wcast-align -Wall -Werror _mkltmpHYFlpO.c -o _mkltmpHYFlpO.c.o  -L/opt/homebrew/opt/openssl@3/lib -L/Users/elia/Documents/scripts/kafka/node_modules/node-rdkafka/build/deps -D_GNU_SOURCE -lpthread -lm -lcurl -lsasl2 -lssl -lcrypto -lcrypto -lz -ldl -lpthread: _mkltmpHYFlpO.c:5:38: error: too many arguments to function call, expected 1, have 2
  pthread_setname_np(pthread_self(), "abc");
  ~~~~~~~~~~~~~~~~~~                 ^~~~~
/Library/Developer/CommandLineTools/SDKs/MacOSX.sdk/usr/include/pthread.h:535:5: note: 'pthread_setname_np' declared here
int     pthread_setname_np(const char*);
        ^
1 error generated.
DBG 28637: Setting pthread_setname_gnu (pthread_setname_gnu) status to failed (action disable)
DBG 28637: Check pthread_setname_gnu (HAVE_PTHREAD_SETNAME_GNU, action disable (originally disable)) failed: compile check failed:
CC: CC
flags: -D_GNU_SOURCE -lpthread
gcc  -I/opt/homebrew/opt/openssl@3/include -gstrict-dwarf -O2 -fPIC -Wall -Wsign-compare -Wfloat-equal -Wpointer-arith -Wcast-align -Wall -Werror _mkltmpHYFlpO.c -o _mkltmpHYFlpO.c.o  -L/opt/homebrew/opt/openssl@3/lib -L/Users/elia/Documents/scripts/kafka/node_modules/node-rdkafka/build/deps -D_GNU_SOURCE -lpthread -lm -lcurl -lsasl2 -lssl -lcrypto -lcrypto -lz -ldl -lpthread:
_mkltmpHYFlpO.c:5:38: error: too many arguments to function call, expected 1, have 2
  pthread_setname_np(pthread_self(), "abc");
  ~~~~~~~~~~~~~~~~~~                 ^~~~~
/Library/Developer/CommandLineTools/SDKs/MacOSX.sdk/usr/include/pthread.h:535:5: note: 'pthread_setname_np' declared here
int     pthread_setname_np(const char*);
        ^
1 error generated.
source: 
#include <pthread.h>

void foo (void) {
  pthread_setname_np(pthread_self(), "abc");
}

DBG 28637: Compile check pthread_setname_darwin (HAVE_PTHREAD_SETNAME_DARWIN) (sub=0): gcc  -I/opt/homebrew/opt/openssl@3/include -gstrict-dwarf -O2 -fPIC -Wall -Wsign-compare -Wfloat-equal -Wpointer-arith -Wcast-align -Wall -Werror _mkltmpgQ2u34.c -o _mkltmpgQ2u34.c.o  -L/opt/homebrew/opt/openssl@3/lib -L/Users/elia/Documents/scripts/kafka/node_modules/node-rdkafka/build/deps -D_DARWIN_C_SOURCE -lpthread -lm -lcurl -lsasl2 -lssl -lcrypto -lcrypto -lz -ldl -lpthread
DBG 28637: Setting pthread_setname_darwin (pthread_setname_darwin) status to ok (action disable)
DBG 28637: Setting nm (nm) status to ok (action cont)
DBG 28637: Compile check getrusage (HAVE_GETRUSAGE) (sub=0): gcc  -I/opt/homebrew/opt/openssl@3/include -gstrict-dwarf -O2 -fPIC -Wall -Wsign-compare -Wfloat-equal -Wpointer-arith -Wcast-align -Wall -Werror _mkltmp5NtqOI.c -o _mkltmp5NtqOI.c.o  -L/opt/homebrew/opt/openssl@3/lib -L/Users/elia/Documents/scripts/kafka/node_modules/node-rdkafka/build/deps  -lm -lcurl -lsasl2 -lssl -lcrypto -lcrypto -lz -ldl -lpthread
DBG 28637: Setting getrusage (getrusage) status to ok (action disable)
